<?xml version="1.0" encoding="UTF-8"?>
<testng-results skipped="0" failed="0" ignored="0" total="1" passed="1">
  <reporter-output>
  </reporter-output>
  <suite name="Suite" duration-ms="43" started-at="2019-02-20T19:06:24Z" finished-at="2019-02-20T19:06:24Z">
    <groups>
    </groups>
    <test name="Test" duration-ms="43" started-at="2019-02-20T19:06:24Z" finished-at="2019-02-20T19:06:24Z">
      <class name="testNGExecution">
        <test-method status="PASS" signature="f()[pri:0, instance:testNGExecution@2173f6d9]" name="f" duration-ms="13" started-at="2019-02-20T19:06:24Z" finished-at="2019-02-20T19:06:24Z">
          <reporter-output>
          </reporter-output>
        </test-method> <!-- f -->
      </class> <!-- testNGExecution -->
    </test> <!-- Test -->
  </suite> <!-- Suite -->
</testng-results>
