<?xml version="1.0" encoding="UTF-8"?>
<testng-results skipped="0" failed="0" ignored="0" total="1" passed="1">
  <reporter-output>
  </reporter-output>
  <suite name="Suite" duration-ms="70" started-at="2019-02-24T17:51:00Z" finished-at="2019-02-24T17:51:01Z">
    <groups>
    </groups>
    <test name="Test" duration-ms="70" started-at="2019-02-24T17:51:00Z" finished-at="2019-02-24T17:51:01Z">
      <class name="TestCases.testNGExecution">
        <test-method status="PASS" signature="f()[pri:0, instance:TestCases.testNGExecution@146ba0ac]" name="f" duration-ms="22" started-at="2019-02-24T17:51:01Z" finished-at="2019-02-24T17:51:01Z">
          <reporter-output>
          </reporter-output>
        </test-method> <!-- f -->
      </class> <!-- TestCases.testNGExecution -->
    </test> <!-- Test -->
  </suite> <!-- Suite -->
</testng-results>
